<?xml version="1.0" encoding="UTF-8"?>
<!-- Generated by org.testng.reporters.JUnitReportReporter -->
<testsuite hostname="DOROTHY_J" name="com.photon.phresco.testcases.ProductsTestSuite" tests="20" failures="0" timestamp="5 Jul 2012 13:55:48 GMT" time="501.109" errors="0">
  <testcase name="testTabletsAddcartProducts" time="14.000" classname="com.photon.phresco.testcases.ProductsTestSuite"/>
  <testcase name="testVideoGamesAddcartProducts" time="18.218" classname="com.photon.phresco.testcases.ProductsTestSuite"/>
  <testcase name="testAccessoriesProducts" time="112.516" classname="com.photon.phresco.testcases.ProductsTestSuite"/>
  <testcase name="testMobilesPhonesAddcartProducts" time="17.828" classname="com.photon.phresco.testcases.ProductsTestSuite"/>
  <testcase name="testAudioDevicesProducts" time="92.687" classname="com.photon.phresco.testcases.ProductsTestSuite"/>
  <testcase name="testAccessoriesProducts" time="19.172" classname="com.photon.phresco.testcases.ProductsTestSuite"/>
  <testcase name="testMoviesMusicAddcartProducts" time="17.812" classname="com.photon.phresco.testcases.ProductsTestSuite"/>
  <testcase name="testComputersAddcartProducts" time="19.328" classname="com.photon.phresco.testcases.ProductsTestSuite"/>
  <testcase name="testCameraAddcartProducts" time="21.375" classname="com.photon.phresco.testcases.ProductsTestSuite"/>
  <testcase name="testMP3PlayersAddcartProducts" time="14.281" classname="com.photon.phresco.testcases.ProductsTestSuite"/>
  <testcase name="testTelevisionAddcartProducts" time="17.766" classname="com.photon.phresco.testcases.ProductsTestSuite"/>
  <testcase name="testMobilesPhonesAddcartProducts" time="13.906" classname="com.photon.phresco.testcases.ProductsTestSuite"/>
  <testcase name="testCameraAddcartProducts" time="13.766" classname="com.photon.phresco.testcases.ProductsTestSuite"/>
  <testcase name="testTelevisionAddcartProducts" time="13.797" classname="com.photon.phresco.testcases.ProductsTestSuite"/>
  <testcase name="testComputersAddcartProducts" time="14.016" classname="com.photon.phresco.testcases.ProductsTestSuite"/>
  <testcase name="testTabletsAddcartProducts" time="18.297" classname="com.photon.phresco.testcases.ProductsTestSuite"/>
  <testcase name="testVideoGamesAddcartProducts" time="13.484" classname="com.photon.phresco.testcases.ProductsTestSuite"/>
  <testcase name="testMoviesMusicAddcartProducts" time="12.922" classname="com.photon.phresco.testcases.ProductsTestSuite"/>
  <testcase name="testMP3PlayersAddcartProducts" time="17.532" classname="com.photon.phresco.testcases.ProductsTestSuite"/>
  <testcase name="testAudioDevicesProducts" time="18.406" classname="com.photon.phresco.testcases.ProductsTestSuite"/>
</testsuite>
