<?xml version="1.0" encoding="UTF-8"?>
<!-- Generated by org.testng.reporters.JUnitReportReporter -->
<testsuite hostname="DOROTHY_J" name="com.photon.phresco.testcases.ProductsCheckOutTestCase" tests="20" failures="0" timestamp="9 Jul 2012 09:40:32 GMT" time="308.125" errors="0">
  <testcase name="testTabletsAddcartProducts" time="11.843" classname="com.photon.phresco.testcases.ProductsCheckOutTestCase"/>
  <testcase name="testAudioDevicesProducts" time="20.062" classname="com.photon.phresco.testcases.ProductsCheckOutTestCase"/>
  <testcase name="testMobilesPhonesAddcartProducts" time="13.344" classname="com.photon.phresco.testcases.ProductsCheckOutTestCase"/>
  <testcase name="testMP3PlayersAddcartProducts" time="15.797" classname="com.photon.phresco.testcases.ProductsCheckOutTestCase"/>
  <testcase name="testComputersAddcartProducts" time="28.750" classname="com.photon.phresco.testcases.ProductsCheckOutTestCase"/>
  <testcase name="testMoviesMusicAddcartProducts" time="12.297" classname="com.photon.phresco.testcases.ProductsCheckOutTestCase"/>
  <testcase name="testAccessoriesProducts" time="23.656" classname="com.photon.phresco.testcases.ProductsCheckOutTestCase"/>
  <testcase name="testCameraAddcartProducts" time="17.547" classname="com.photon.phresco.testcases.ProductsCheckOutTestCase"/>
  <testcase name="testMoviesMusicAddcartProducts" time="13.984" classname="com.photon.phresco.testcases.ProductsCheckOutTestCase"/>
  <testcase name="testTabletsAddcartProducts" time="1.344" classname="com.photon.phresco.testcases.ProductsCheckOutTestCase"/>
  <testcase name="testComputersAddcartProducts" time="14.718" classname="com.photon.phresco.testcases.ProductsCheckOutTestCase"/>
  <testcase name="testTelevisionAddcartProducts" time="1.781" classname="com.photon.phresco.testcases.ProductsCheckOutTestCase"/>
  <testcase name="testVideoGamesAddcartProducts" time="1.672" classname="com.photon.phresco.testcases.ProductsCheckOutTestCase"/>
  <testcase name="testCameraAddcartProducts" time="16.672" classname="com.photon.phresco.testcases.ProductsCheckOutTestCase"/>
  <testcase name="testMobilesPhonesAddcartProducts" time="37.891" classname="com.photon.phresco.testcases.ProductsCheckOutTestCase"/>
  <testcase name="testMP3PlayersAddcartProducts" time="14.141" classname="com.photon.phresco.testcases.ProductsCheckOutTestCase"/>
  <testcase name="testVideoGamesAddcartProducts" time="11.594" classname="com.photon.phresco.testcases.ProductsCheckOutTestCase"/>
  <testcase name="testTelevisionAddcartProducts" time="11.750" classname="com.photon.phresco.testcases.ProductsCheckOutTestCase"/>
  <testcase name="testAudioDevicesProducts" time="17.938" classname="com.photon.phresco.testcases.ProductsCheckOutTestCase"/>
  <testcase name="testAccessoriesProducts" time="21.344" classname="com.photon.phresco.testcases.ProductsCheckOutTestCase"/>
</testsuite>
