<?xml version="1.0" encoding="UTF-8"?>
<!-- Generated by org.testng.reporters.JUnitReportReporter -->
<testsuite hostname="DOROTHY_J" name="com.photon.phresco.testcases.RegistrationTestCase" tests="6" failures="0" timestamp="9 Jul 2012 09:40:32 GMT" time="41.984" errors="0">
  <testcase name="testInvalidRegistration" time="13.078" classname="com.photon.phresco.testcases.RegistrationTestCase"/>
  <testcase name="testValidRegistration" time="2.734" classname="com.photon.phresco.testcases.RegistrationTestCase"/>
  <testcase name="testEmptyRegistration" time="8.703" classname="com.photon.phresco.testcases.RegistrationTestCase"/>
  <testcase name="testValidRegistration" time="5.484" classname="com.photon.phresco.testcases.RegistrationTestCase"/>
  <testcase name="testEmptyRegistration" time="8.485" classname="com.photon.phresco.testcases.RegistrationTestCase"/>
  <testcase name="testInvalidRegistration" time="3.500" classname="com.photon.phresco.testcases.RegistrationTestCase"/>
</testsuite>
