<?xml version="1.0" encoding="UTF-8"?>
<!-- Generated by org.testng.reporters.JUnitReportReporter -->
<testsuite hostname="PRADEEP_SI" name="com.photon.phresco.testcases.CheckAllProductsSuite" tests="20" failures="0" timestamp="4 Jul 2012 11:26:54 GMT" time="97.874" errors="0">
  <testcase name="testAudioDevicesProducts" time="0.000" classname="com.photon.phresco.testcases.CheckAllProductsSuite"/>
  <testcase name="testAccessoriesProducts" time="14.718" classname="com.photon.phresco.testcases.CheckAllProductsSuite"/>
  <testcase name="testComputersAddcartProducts" time="0.015" classname="com.photon.phresco.testcases.CheckAllProductsSuite"/>
  <testcase name="testCameraAddcartProducts" time="9.453" classname="com.photon.phresco.testcases.CheckAllProductsSuite"/>
  <testcase name="testTelevisionAddcartProducts" time="0.000" classname="com.photon.phresco.testcases.CheckAllProductsSuite"/>
  <testcase name="testMoviesMusicAddcartProducts" time="8.250" classname="com.photon.phresco.testcases.CheckAllProductsSuite"/>
  <testcase name="testAudioDevicesProducts" time="12.157" classname="com.photon.phresco.testcases.CheckAllProductsSuite"/>
  <testcase name="testTabletsAddcartProducts" time="0.000" classname="com.photon.phresco.testcases.CheckAllProductsSuite"/>
  <testcase name="testMoviesMusicAddcartProducts" time="0.000" classname="com.photon.phresco.testcases.CheckAllProductsSuite"/>
  <testcase name="testMP3PlayersAddcartProducts" time="0.000" classname="com.photon.phresco.testcases.CheckAllProductsSuite"/>
  <testcase name="testVideoGamesAddcartProducts" time="0.000" classname="com.photon.phresco.testcases.CheckAllProductsSuite"/>
  <testcase name="testTabletsAddcartProducts" time="9.500" classname="com.photon.phresco.testcases.CheckAllProductsSuite"/>
  <testcase name="testTelevisionAddcartProducts" time="9.063" classname="com.photon.phresco.testcases.CheckAllProductsSuite"/>
  <testcase name="testCameraAddcartProducts" time="0.000" classname="com.photon.phresco.testcases.CheckAllProductsSuite"/>
  <testcase name="testAccessoriesProducts" time="0.000" classname="com.photon.phresco.testcases.CheckAllProductsSuite"/>
  <testcase name="testMobilesPhonesAddcartProducts" time="0.000" classname="com.photon.phresco.testcases.CheckAllProductsSuite"/>
  <testcase name="testMobilesPhonesAddcartProducts" time="9.234" classname="com.photon.phresco.testcases.CheckAllProductsSuite"/>
  <testcase name="testVideoGamesAddcartProducts" time="8.062" classname="com.photon.phresco.testcases.CheckAllProductsSuite"/>
  <testcase name="testMP3PlayersAddcartProducts" time="8.328" classname="com.photon.phresco.testcases.CheckAllProductsSuite"/>
  <testcase name="testComputersAddcartProducts" time="9.094" classname="com.photon.phresco.testcases.CheckAllProductsSuite"/>
</testsuite> <!-- com.photon.phresco.testcases.CheckAllProductsSuite -->
