<?xml version="1.0" encoding="UTF-8"?>
<!-- Generated by org.testng.reporters.JUnitReportReporter -->
<testsuite hostname="DOROTHY_J" name="com.photon.phresco.testcases.LoginTestCase" tests="6" failures="0" timestamp="9 Jul 2012 09:40:32 GMT" time="142.125" errors="0">
  <testcase name="testInvalidLogin" time="41.188" classname="com.photon.phresco.testcases.LoginTestCase"/>
  <testcase name="testValidLogin" time="55.953" classname="com.photon.phresco.testcases.LoginTestCase"/>
  <testcase name="testEmptyLogin" time="29.281" classname="com.photon.phresco.testcases.LoginTestCase"/>
  <testcase name="testValidLogin" time="4.734" classname="com.photon.phresco.testcases.LoginTestCase"/>
  <testcase name="testInvalidLogin" time="4.922" classname="com.photon.phresco.testcases.LoginTestCase"/>
  <testcase name="testEmptyLogin" time="6.047" classname="com.photon.phresco.testcases.LoginTestCase"/>
</testsuite>
