<?xml version="1.0" encoding="UTF-8"?>
<!-- Generated by org.testng.reporters.JUnitReportReporter -->
<testsuite hostname="PRADEEP_SI" name="com.photon.phresco.testcases.AccessoriesAddcart" tests="4" failures="0" timestamp="4 Jul 2012 09:44:05 GMT" time="45.453" errors="0">
  <testcase name="testAudioDevicesProducts" time="12.203" classname="com.photon.phresco.testcases.AccessoriesAddcart"/>
  <testcase name="testAccessoriesProducts" time="10.500" classname="com.photon.phresco.testcases.AccessoriesAddcart"/>
  <testcase name="testAccessoriesProducts" time="10.500" classname="com.photon.phresco.testcases.AccessoriesAddcart"/>
  <testcase name="testAudioDevicesProducts" time="12.250" classname="com.photon.phresco.testcases.AccessoriesAddcart"/>
</testsuite> <!-- com.photon.phresco.testcases.AccessoriesAddcart -->
